Terminal size: 99x32
Mouse tracking enabled (SGR mode)
---
Waiting for input...
mouse: action=move button=none pos=(82,31) shift=false alt=false ctrl=false
mouse: action=move button=none pos=(81,30) shift=false alt=false ctrl=false
mouse: action=move button=none pos=(80,29) shift=false alt=false ctrl=false
mouse: action=move button=none pos=(79,27) shift=false alt=false ctrl=false
mouse: action=move button=none pos=(76,25) shift=false alt=false ctrl=false
mouse: action=move button=none pos=(70,23) shift=false alt=false ctrl=false
mouse: action=move button=none pos=(64,20) shift=false alt=false ctrl=false
mouse: action=move button=none pos=(55,17) shift=false alt=false ctrl=false
mouse: action=move button=none pos=(53,16) shift=false alt=false ctrl=false
mouse: action=move button=none pos=(52,15) shift=false alt=false ctrl=false
mouse: action=move button=none pos=(52,14) shift=false alt=false ctrl=false
mouse: action=move button=none pos=(52,11) shift=false alt=false ctrl=false
mouse: action=move button=none pos=(49,9) shift=false alt=false ctrl=false
mouse: action=move button=none pos=(44,7) shift=false alt=false ctrl=false
mouse: action=move button=none pos=(42,7) shift=false alt=false ctrl=false
mouse: action=move button=none pos=(43,7) shift=false alt=false ctrl=false
mouse: action=move button=none pos=(44,7) shift=false alt=false ctrl=false
mouse: action=move button=none pos=(43,7) shift=false alt=false ctrl=false
mouse: action=move button=none pos=(41,7) shift=false alt=false ctrl=false
mouse: action=move button=none pos=(40,7) shift=false alt=false ctrl=false
mouse: action=move button=none pos=(39,7) shift=false alt=false ctrl=false
mouse: action=move button=none pos=(38,7) shift=false alt=false ctrl=false
mouse: action=move button=none pos=(35,6) shift=false alt=false ctrl=false
mouse: action=move button=none pos=(33,6) shift=false alt=false ctrl=false
mouse: action=move button=none pos=(31,6) shift=false alt=false ctrl=false
mouse: action=move button=none pos=(30,6) shift=false alt=false ctrl=false
mouse: action=move button=none pos=(28,5) shift=false alt=false ctrl=false
mouse: action=move button=none pos=(26,5) shift=false alt=false ctrl=false
mouse: action=move button=none pos=(25,5) shift=false alt=false ctrl=false
mouse: action=move button=none pos=(25,4) shift=false alt=false ctrl=false
mouse: action=move button=none pos=(24,4) shift=false alt=false ctrl=false
mouse: action=move button=none pos=(23,5) shift=false alt=false ctrl=false
mouse: action=move button=none pos=(22,5) shift=false alt=false ctrl=false
mouse: action=move button=none pos=(22,6) shift=false alt=false ctrl=false
mouse: action=move button=none pos=(23,6) shift=false alt=false ctrl=false
mouse: action=move button=none pos=(24,6) shift=false alt=false ctrl=false
mouse: action=move button=none pos=(25,6) shift=false alt=false ctrl=false
mouse: action=move button=none pos=(26,5) shift=false alt=false ctrl=false
mouse: action=move button=none pos=(26,4) shift=false alt=false ctrl=false
mouse: action=move button=none pos=(25,4) shift=false alt=false ctrl=false
mouse: action=move button=none pos=(24,3) shift=false alt=false ctrl=false
mouse: action=move button=none pos=(24,2) shift=false alt=false ctrl=false
mouse: action=move button=none pos=(24,1) shift=false alt=false ctrl=false
mouse: action=move button=none pos=(24,0) shift=false alt=false ctrl=false
mouse: action=move button=none pos=(24,1) shift=false alt=false ctrl=false
mouse: action=move button=none pos=(23,1) shift=false alt=false ctrl=false
mouse: action=move button=none pos=(22,1) shift=false alt=false ctrl=false
mouse: action=move button=none pos=(21,1) shift=false alt=false ctrl=false
mouse: action=move button=none pos=(20,1) shift=false alt=false ctrl=false
mouse: action=move button=none pos=(19,1) shift=false alt=false ctrl=false
mouse: action=move button=none pos=(19,0) shift=false alt=false ctrl=false
mouse: action=move button=none pos=(18,0) shift=false alt=false ctrl=false
mouse: action=move button=none pos=(19,0) shift=false alt=false ctrl=false
mouse: action=move button=none pos=(20,0) shift=false alt=false ctrl=false
mouse: action=move button=none pos=(21,0) shift=false alt=false ctrl=false
mouse: action=move button=none pos=(23,0) shift=false alt=false ctrl=false
mouse: action=move button=none pos=(24,0) shift=false alt=false ctrl=false
mouse: action=move button=none pos=(25,0) shift=false alt=false ctrl=false
mouse: action=move button=none pos=(26,0) shift=false alt=false ctrl=false
mouse: action=move button=none pos=(27,0) shift=false alt=false ctrl=false
mouse: action=move button=none pos=(28,0) shift=false alt=false ctrl=false
mouse: action=move button=none pos=(29,0) shift=false alt=false ctrl=false
mouse: action=move button=none pos=(30,0) shift=false alt=false ctrl=false
mouse: action=move button=none pos=(31,0) shift=false alt=false ctrl=false
mouse: action=move button=none pos=(32,0) shift=false alt=false ctrl=false
mouse: action=move button=none pos=(33,0) shift=false alt=false ctrl=false
mouse: action=move button=none pos=(34,0) shift=false alt=false ctrl=false
mouse: action=move button=none pos=(35,0) shift=false alt=false ctrl=false
mouse: action=move button=none pos=(36,0) shift=false alt=false ctrl=false
mouse: action=move button=none pos=(38,0) shift=false alt=false ctrl=false
mouse: action=move button=none pos=(39,0) shift=false alt=false ctrl=false
mouse: action=move button=none pos=(40,0) shift=false alt=false ctrl=false
mouse: action=move button=none pos=(41,0) shift=false alt=false ctrl=false
mouse: action=move button=none pos=(42,0) shift=false alt=false ctrl=false
mouse: action=move button=none pos=(43,0) shift=false alt=false ctrl=false
mouse: action=move button=none pos=(46,0) shift=false alt=false ctrl=false
mouse: action=move button=none pos=(48,0) shift=false alt=false ctrl=false
mouse: action=move button=none pos=(51,0) shift=false alt=false ctrl=false
mouse: action=move button=none pos=(53,0) shift=false alt=false ctrl=false
mouse: action=move button=none pos=(54,0) shift=false alt=false ctrl=false
mouse: action=move button=none pos=(55,0) shift=false alt=false ctrl=false
mouse: action=move button=none pos=(56,0) shift=false alt=false ctrl=false
mouse: action=move button=none pos=(57,0) shift=false alt=false ctrl=false
mouse: action=move button=none pos=(61,0) shift=false alt=false ctrl=false
mouse: action=move button=none pos=(66,0) shift=false alt=false ctrl=false
mouse: action=move button=none pos=(73,0) shift=false alt=false ctrl=false
mouse: action=move button=none pos=(79,0) shift=false alt=false ctrl=false
mouse: action=move button=none pos=(84,0) shift=false alt=false ctrl=false
mouse: action=move button=none pos=(86,0) shift=false alt=false ctrl=false
mouse: action=move button=none pos=(88,0) shift=false alt=false ctrl=false
mouse: action=move button=none pos=(89,0) shift=false alt=false ctrl=false
mouse: action=move button=none pos=(90,0) shift=false alt=false ctrl=false
mouse: action=move button=none pos=(91,0) shift=false alt=false ctrl=false
mouse: action=move button=none pos=(92,0) shift=false alt=false ctrl=false
mouse: action=move button=none pos=(91,0) shift=false alt=false ctrl=false
mouse: action=move button=none pos=(89,0) shift=false alt=false ctrl=false
mouse: action=move button=none pos=(86,0) shift=false alt=false ctrl=false
mouse: action=move button=none pos=(84,0) shift=false alt=false ctrl=false
mouse: action=move button=none pos=(83,0) shift=false alt=false ctrl=false
mouse: action=move button=none pos=(82,0) shift=false alt=false ctrl=false
mouse: action=move button=none pos=(81,0) shift=false alt=false ctrl=false
mouse: action=move button=none pos=(80,0) shift=false alt=false ctrl=false
mouse: action=move button=none pos=(78,0) shift=false alt=false ctrl=false
mouse: action=move button=none pos=(76,1) shift=false alt=false ctrl=false
mouse: action=move button=none pos=(74,1) shift=false alt=false ctrl=false
mouse: action=move button=none pos=(72,1) shift=false alt=false ctrl=false
mouse: action=move button=none pos=(71,1) shift=false alt=false ctrl=false
mouse: action=move button=none pos=(70,1) shift=false alt=false ctrl=false
mouse: action=move button=none pos=(67,2) shift=false alt=false ctrl=false
mouse: action=move button=none pos=(60,3) shift=false alt=false ctrl=false
mouse: action=move button=none pos=(47,4) shift=false alt=false ctrl=false
mouse: action=move button=none pos=(29,5) shift=false alt=false ctrl=false
mouse: action=move button=none pos=(16,6) shift=false alt=false ctrl=false
mouse: action=move button=none pos=(11,7) shift=false alt=false ctrl=false
mouse: action=move button=none pos=(10,7) shift=false alt=false ctrl=false
mouse: action=move button=none pos=(9,8) shift=false alt=false ctrl=false
mouse: action=move button=none pos=(8,8) shift=false alt=false ctrl=false
mouse: action=move button=none pos=(7,9) shift=false alt=false ctrl=false
mouse: action=move button=none pos=(6,9) shift=false alt=false ctrl=false
mouse: action=move button=none pos=(6,10) shift=false alt=false ctrl=false
mouse: action=move button=none pos=(6,11) shift=false alt=false ctrl=false
mouse: action=move button=none pos=(6,10) shift=false alt=false ctrl=false
mouse: action=move button=none pos=(6,9) shift=false alt=false ctrl=false
mouse: action=move button=none pos=(8,8) shift=false alt=false ctrl=false
mouse: action=move button=none pos=(9,6) shift=false alt=false ctrl=false
mouse: action=move button=none pos=(9,5) shift=false alt=false ctrl=false
mouse: action=move button=none pos=(9,4) shift=false alt=false ctrl=false
mouse: action=move button=none pos=(9,3) shift=false alt=false ctrl=false
mouse: action=move button=none pos=(9,2) shift=false alt=false ctrl=false
mouse: action=move button=none pos=(9,1) shift=false alt=false ctrl=false
mouse: action=move button=none pos=(9,0) shift=false alt=false ctrl=false
mouse: action=move button=none pos=(10,0) shift=false alt=false ctrl=false
mouse: action=move button=none pos=(12,0) shift=false alt=false ctrl=false
mouse: action=move button=none pos=(16,0) shift=false alt=false ctrl=false
mouse: action=move button=none pos=(19,0) shift=false alt=false ctrl=false
mouse: action=move button=none pos=(20,0) shift=false alt=false ctrl=false
mouse: action=move button=none pos=(21,0) shift=false alt=false ctrl=false
mouse: action=move button=none pos=(22,0) shift=false alt=false ctrl=false
mouse: action=move button=none pos=(24,0) shift=false alt=false ctrl=false
mouse: action=move button=none pos=(25,0) shift=false alt=false ctrl=false
mouse: action=move button=none pos=(26,0) shift=false alt=false ctrl=false
mouse: action=move button=none pos=(27,0) shift=false alt=false ctrl=false
mouse: action=move button=none pos=(28,0) shift=false alt=false ctrl=false
mouse: action=move button=none pos=(31,1) shift=false alt=false ctrl=false
mouse: action=move button=none pos=(34,1) shift=false alt=false ctrl=false
mouse: action=move button=none pos=(38,2) shift=false alt=false ctrl=false
mouse: action=move button=none pos=(42,3) shift=false alt=false ctrl=false
mouse: action=move button=none pos=(46,3) shift=false alt=false ctrl=false
mouse: action=move button=none pos=(52,4) shift=false alt=false ctrl=false
mouse: action=move button=none pos=(56,5) shift=false alt=false ctrl=false
mouse: action=move button=none pos=(59,6) shift=false alt=false ctrl=false
mouse: action=move button=none pos=(60,6) shift=false alt=false ctrl=false
mouse: action=move button=none pos=(61,7) shift=false alt=false ctrl=false
mouse: action=move button=none pos=(63,7) shift=false alt=false ctrl=false
mouse: action=move button=none pos=(65,8) shift=false alt=false ctrl=false
mouse: action=move button=none pos=(67,8) shift=false alt=false ctrl=false
mouse: action=move button=none pos=(68,9) shift=false alt=false ctrl=false
mouse: action=move button=none pos=(67,10) shift=false alt=false ctrl=false
mouse: action=move button=none pos=(68,10) shift=false alt=false ctrl=false
mouse: action=move button=none pos=(68,11) shift=false alt=false ctrl=false
mouse: action=move button=none pos=(69,11) shift=false alt=false ctrl=false
mouse: action=move button=none pos=(68,11) shift=false alt=false ctrl=false
mouse: action=move button=none pos=(66,11) shift=false alt=false ctrl=false
mouse: action=move button=none pos=(63,11) shift=false alt=false ctrl=false
mouse: action=move button=none pos=(51,11) shift=false alt=false ctrl=false
mouse: action=move button=none pos=(38,10) shift=false alt=false ctrl=false
mouse: action=move button=none pos=(27,10) shift=false alt=false ctrl=false
mouse: action=move button=none pos=(18,10) shift=false alt=false ctrl=false
mouse: action=move button=none pos=(14,10) shift=false alt=false ctrl=false
mouse: action=move button=none pos=(14,11) shift=false alt=false ctrl=false
mouse: action=move button=none pos=(15,12) shift=false alt=false ctrl=false
mouse: action=move button=none pos=(18,13) shift=false alt=false ctrl=false
mouse: action=move button=none pos=(20,13) shift=false alt=false ctrl=false
mouse: action=move button=none pos=(23,15) shift=false alt=false ctrl=false
mouse: action=move button=none pos=(25,15) shift=false alt=false ctrl=false
mouse: action=move button=none pos=(28,15) shift=false alt=false ctrl=false
mouse: action=move button=none pos=(31,15) shift=false alt=false ctrl=false
mouse: action=move button=none pos=(37,15) shift=false alt=false ctrl=false
mouse: action=move button=none pos=(48,15) shift=false alt=false ctrl=false
mouse: action=move button=none pos=(56,14) shift=false alt=false ctrl=false
mouse: action=move button=none pos=(60,14) shift=false alt=false ctrl=false
mouse: action=move button=none pos=(62,14) shift=false alt=false ctrl=false
mouse: action=move button=none pos=(57,13) shift=false alt=false ctrl=false
mouse: action=move button=none pos=(49,12) shift=false alt=false ctrl=false
mouse: action=move button=none pos=(43,11) shift=false alt=false ctrl=false
mouse: action=move button=none pos=(42,11) shift=false alt=false ctrl=false
mouse: action=move button=none pos=(41,11) shift=false alt=false ctrl=false
mouse: action=move button=none pos=(42,11) shift=false alt=false ctrl=false
mouse: action=move button=none pos=(48,12) shift=false alt=false ctrl=false
mouse: action=move button=none pos=(63,14) shift=false alt=false ctrl=false
mouse: action=move button=none pos=(84,16) shift=false alt=false ctrl=false
mouse: action=move button=none pos=(94,17) shift=false alt=false ctrl=false
mouse: action=move button=none pos=(40,29) shift=false alt=false ctrl=false
mouse: action=move button=none pos=(40,26) shift=false alt=false ctrl=false
mouse: action=move button=none pos=(41,22) shift=false alt=false ctrl=false
mouse: action=move button=none pos=(41,21) shift=false alt=false ctrl=false
mouse: action=move button=none pos=(41,20) shift=false alt=false ctrl=false
mouse: action=move button=none pos=(41,19) shift=false alt=false ctrl=false
mouse: action=move button=none pos=(38,19) shift=false alt=false ctrl=false
mouse: action=move button=none pos=(38,18) shift=false alt=false ctrl=false
mouse: action=move button=none pos=(39,17) shift=false alt=false ctrl=false
mouse: action=move button=none pos=(42,15) shift=false alt=false ctrl=false
mouse: action=move button=none pos=(40,14) shift=false alt=false ctrl=false
mouse: action=move button=none pos=(39,14) shift=false alt=false ctrl=false
mouse: action=move button=none pos=(37,15) shift=false alt=false ctrl=false
mouse: action=move button=none pos=(37,16) shift=false alt=false ctrl=false
mouse: action=move button=none pos=(38,17) shift=false alt=false ctrl=false
mouse: action=move button=none pos=(40,17) shift=false alt=false ctrl=false
mouse: action=move button=none pos=(42,18) shift=false alt=false ctrl=false
mouse: action=move button=none pos=(44,18) shift=false alt=false ctrl=false
mouse: action=move button=none pos=(45,18) shift=false alt=false ctrl=false
mouse: action=move button=none pos=(46,18) shift=false alt=false ctrl=false
mouse: action=move button=none pos=(48,17) shift=false alt=false ctrl=false
mouse: action=move button=none pos=(51,15) shift=false alt=false ctrl=false
mouse: action=move button=none pos=(51,14) shift=false alt=false ctrl=false
mouse: action=move button=none pos=(50,14) shift=false alt=false ctrl=false
mouse: action=move button=none pos=(48,15) shift=false alt=false ctrl=false
mouse: action=move button=none pos=(47,17) shift=false alt=false ctrl=false
mouse: action=move button=none pos=(47,18) shift=false alt=false ctrl=false
mouse: action=move button=none pos=(52,20) shift=false alt=false ctrl=false
mouse: action=move button=none pos=(60,22) shift=false alt=false ctrl=false
mouse: action=move button=none pos=(67,23) shift=false alt=false ctrl=false
mouse: action=move button=none pos=(69,26) shift=false alt=false ctrl=false
mouse: action=move button=none pos=(67,29) shift=false alt=false ctrl=false
mouse: action=move button=none pos=(74,30) shift=false alt=false ctrl=false
mouse: action=move button=none pos=(70,28) shift=false alt=false ctrl=false
mouse: action=move button=none pos=(65,25) shift=false alt=false ctrl=false
mouse: action=move button=none pos=(61,24) shift=false alt=false ctrl=false
mouse: action=move button=none pos=(58,22) shift=false alt=false ctrl=false
mouse: action=move button=none pos=(57,21) shift=false alt=false ctrl=false
mouse: action=move button=none pos=(56,20) shift=false alt=false ctrl=false
mouse: action=move button=none pos=(55,20) shift=false alt=false ctrl=false
mouse: action=move button=none pos=(55,21) shift=false alt=false ctrl=false
mouse: action=move button=none pos=(57,22) shift=false alt=false ctrl=false
mouse: action=move button=none pos=(63,24) shift=false alt=false ctrl=false
mouse: action=move button=none pos=(73,27) shift=false alt=false ctrl=false
mouse: action=move button=none pos=(86,31) shift=false alt=false ctrl=false
mouse: action=move button=none pos=(39,23) shift=false alt=false ctrl=false
